GET / 304 - - 6.807 ms [5/8/2023, 5:31:31 PM IST]
GET / 304 - - 0.695 ms [5/8/2023, 5:31:36 PM IST]
GET / 304 - - 2.261 ms [5/8/2023, 5:42:50 PM IST]
POST /api/v1/user/register 200 33 - 2.397 ms [5/8/2023, 10:18:53 PM IST]
POST /api/v1/user/register 400 37 - 4.180 ms [5/8/2023, 10:24:27 PM IST]
POST /api/v1/user/register 400 52 - 1.409 ms [5/8/2023, 10:24:46 PM IST]
POST /api/v1/user/register 400 51 - 0.781 ms [5/8/2023, 10:24:52 PM IST]
POST /api/v1/user/register 400 67 - 0.414 ms [5/8/2023, 10:25:12 PM IST]
POST /api/v1/user/register 200 147 - 5.457 ms [5/8/2023, 10:25:40 PM IST]
POST /api/v1/user/register 400 95 - 251.567 ms [5/8/2023, 10:31:56 PM IST]
POST /api/v1/user/register 200 436 - 1961.313 ms [5/8/2023, 10:35:11 PM IST]
POST /api/v1/user/register 200 436 - 257.058 ms [5/8/2023, 10:38:42 PM IST]
POST /api/v1/user/register 200 436 - 255.460 ms [5/8/2023, 10:40:33 PM IST]
POST /api/v1/user/register 200 436 - 254.803 ms [5/8/2023, 10:41:17 PM IST]
POST /api/v1/user/register 500 69 - 261.414 ms [5/8/2023, 10:42:03 PM IST]
POST /api/v1/user/register 400 33 - 1.808 ms [5/8/2023, 10:42:14 PM IST]
POST /api/v1/user/register 400 48 - 0.680 ms [5/8/2023, 10:42:23 PM IST]
POST /api/v1/user/register 200 559 - 503.121 ms [5/8/2023, 10:42:53 PM IST]
POST /api/v1/user/register 200 606 - 506.814 ms [5/8/2023, 10:44:11 PM IST]
POST /api/v1/user/register 400 95 - 244.241 ms [5/8/2023, 10:53:02 PM IST]
GET / 304 - - 3.482 ms [5/8/2023, 10:55:13 PM IST]
GET /favicon.ico 404 1294 - 5.678 ms [5/8/2023, 10:55:14 PM IST]
GET /s 404 1284 - 0.956 ms [5/8/2023, 10:55:16 PM IST]
POST /api/v1/user/register 400 95 - 241.446 ms [5/8/2023, 10:55:26 PM IST]
POST /api/v1/user/register 400 37 - 5.672 ms [5/8/2023, 11:07:01 PM IST]
POST /api/v1/user/login 200 570 - 257.908 ms [5/8/2023, 11:07:12 PM IST]
POST /api/v1/user/login 500 61 - 243.409 ms [5/8/2023, 11:13:07 PM IST]
POST /api/v1/user/login 500 61 - 1455.780 ms [5/8/2023, 11:13:28 PM IST]
POST /api/v1/user/login 500 61 - 252.321 ms [5/8/2023, 11:13:58 PM IST]
POST /api/v1/user/login 200 570 - 256.221 ms [5/8/2023, 11:14:21 PM IST]
POST /api/v1/user/login 500 61 - 2131.223 ms [5/8/2023, 11:14:46 PM IST]
POST /api/v1/user/login 500 61 - 264.703 ms [5/8/2023, 11:15:11 PM IST]
POST /api/v1/user/login 500 61 - 243.796 ms [5/8/2023, 11:15:51 PM IST]
POST /api/v1/user/login 500 61 - 253.617 ms [5/8/2023, 11:16:26 PM IST]
POST /api/v1/user/login 200 570 - 270.207 ms [5/8/2023, 11:17:31 PM IST]
POST /api/v1/user/login 200 570 - 264.283 ms [5/8/2023, 11:17:46 PM IST]
POST /api/v1/user/login 200 759 - 1735.100 ms [5/8/2023, 11:18:16 PM IST]
POST /api/v1/user/login 200 759 - 245.279 ms [5/8/2023, 11:18:25 PM IST]
